<?xml version="1.0" encoding="UTF-8" ?>
<testsuite errors="0" failures="0" hostname="xmgbr-PC" name="cscie56.fp.UserSpec" skipped="0" tests="11" time="0.216" timestamp="2016-04-21T23:41:08">
  <properties />
  <testcase classname="cscie56.fp.UserSpec" name="test user all constraints username is nullable" time="0.074" />
  <testcase classname="cscie56.fp.UserSpec" name="test user all constraints username is unique" time="0.013" />
  <testcase classname="cscie56.fp.UserSpec" name="test user all constraints username is nullable" time="0.01" />
  <testcase classname="cscie56.fp.UserSpec" name="test user all constraints username is matches" time="0.016" />
  <testcase classname="cscie56.fp.UserSpec" name="test user all constraints username is valid" time="0.012" />
  <testcase classname="cscie56.fp.UserSpec" name="test user all constraints username is size" time="0.014" />
  <testcase classname="cscie56.fp.UserSpec" name="test user all constraints username is valid" time="0.014" />
  <testcase classname="cscie56.fp.UserSpec" name="test user all constraints username is valid" time="0.015" />
  <testcase classname="cscie56.fp.UserSpec" name="test user all constraints username is valid" time="0.014" />
  <testcase classname="cscie56.fp.UserSpec" name="test user all constraints password is nullable" time="0.013" />
  <testcase classname="cscie56.fp.UserSpec" name="test user all constraints password is nullable" time="0.012" />
  <system-out><![CDATA[--Output from test user all constraints username is nullable--
--Output from test user all constraints username is unique--
--Output from test user all constraints username is nullable--
--Output from test user all constraints username is matches--
--Output from test user all constraints username is valid--
--Output from test user all constraints username is size--
--Output from test user all constraints username is valid--
--Output from test user all constraints username is valid--
--Output from test user all constraints username is valid--
--Output from test user all constraints password is nullable--
--Output from test user all constraints password is nullable--
]]></system-out>
  <system-err><![CDATA[--Output from test user all constraints username is nullable--
--Output from test user all constraints username is unique--
--Output from test user all constraints username is nullable--
--Output from test user all constraints username is matches--
--Output from test user all constraints username is valid--
--Output from test user all constraints username is size--
--Output from test user all constraints username is valid--
--Output from test user all constraints username is valid--
--Output from test user all constraints username is valid--
--Output from test user all constraints password is nullable--
--Output from test user all constraints password is nullable--
]]></system-err>
</testsuite>
