<?xml version="1.0" encoding="UTF-8" ?>
<testsuite errors="0" failures="0" hostname="xmgbr-PC" name="cscie56.fp.ProblemSpec" skipped="0" tests="22" time="0.59" timestamp="2016-05-08T23:51:14">
  <properties />
  <testcase classname="cscie56.fp.ProblemSpec" name="test problem all constraints system is nullable" time="0.13" />
  <testcase classname="cscie56.fp.ProblemSpec" name="test problem all constraints system is nullable" time="0.023" />
  <testcase classname="cscie56.fp.ProblemSpec" name="test problem all constraints system is inList" time="0.022" />
  <testcase classname="cscie56.fp.ProblemSpec" name="test problem all constraints system is valid" time="0.024" />
  <testcase classname="cscie56.fp.ProblemSpec" name="test problem all constraints system is valid" time="0.022" />
  <testcase classname="cscie56.fp.ProblemSpec" name="test problem all constraints description is nullable" time="0.018" />
  <testcase classname="cscie56.fp.ProblemSpec" name="test problem all constraints description is nullable" time="0.017" />
  <testcase classname="cscie56.fp.ProblemSpec" name="test problem all constraints description is matches" time="0.021" />
  <testcase classname="cscie56.fp.ProblemSpec" name="test problem all constraints description is valid" time="0.032" />
  <testcase classname="cscie56.fp.ProblemSpec" name="test problem all constraints description is size" time="0.024" />
  <testcase classname="cscie56.fp.ProblemSpec" name="test problem all constraints description is valid" time="0.02" />
  <testcase classname="cscie56.fp.ProblemSpec" name="test problem all constraints description is valid" time="0.016" />
  <testcase classname="cscie56.fp.ProblemSpec" name="test problem all constraints description is valid" time="0.021" />
  <testcase classname="cscie56.fp.ProblemSpec" name="test problem all constraints mileage is nullable" time="0.018" />
  <testcase classname="cscie56.fp.ProblemSpec" name="test problem all constraints mileage is nullable" time="0.02" />
  <testcase classname="cscie56.fp.ProblemSpec" name="test problem all constraints mileage is validator" time="0.021" />
  <testcase classname="cscie56.fp.ProblemSpec" name="test problem all constraints mileage is valid" time="0.016" />
  <testcase classname="cscie56.fp.ProblemSpec" name="test problem all constraints mileage is validator" time="0.02" />
  <testcase classname="cscie56.fp.ProblemSpec" name="test problem all constraints mileage is valid" time="0.021" />
  <testcase classname="cscie56.fp.ProblemSpec" name="test problem all constraints mileage is valid" time="0.022" />
  <testcase classname="cscie56.fp.ProblemSpec" name="test problem all constraints approved is valid" time="0.017" />
  <testcase classname="cscie56.fp.ProblemSpec" name="test problem all constraints user is valid" time="0.02" />
  <system-out><![CDATA[--Output from test problem all constraints system is nullable--
--Output from test problem all constraints system is nullable--
--Output from test problem all constraints system is inList--
--Output from test problem all constraints system is valid--
--Output from test problem all constraints system is valid--
--Output from test problem all constraints description is nullable--
--Output from test problem all constraints description is nullable--
--Output from test problem all constraints description is matches--
--Output from test problem all constraints description is valid--
--Output from test problem all constraints description is size--
--Output from test problem all constraints description is valid--
--Output from test problem all constraints description is valid--
--Output from test problem all constraints description is valid--
--Output from test problem all constraints mileage is nullable--
--Output from test problem all constraints mileage is nullable--
--Output from test problem all constraints mileage is validator--
--Output from test problem all constraints mileage is valid--
--Output from test problem all constraints mileage is validator--
--Output from test problem all constraints mileage is valid--
--Output from test problem all constraints mileage is valid--
--Output from test problem all constraints approved is valid--
--Output from test problem all constraints user is valid--
]]></system-out>
  <system-err><![CDATA[--Output from test problem all constraints system is nullable--
--Output from test problem all constraints system is nullable--
--Output from test problem all constraints system is inList--
--Output from test problem all constraints system is valid--
--Output from test problem all constraints system is valid--
--Output from test problem all constraints description is nullable--
--Output from test problem all constraints description is nullable--
--Output from test problem all constraints description is matches--
--Output from test problem all constraints description is valid--
--Output from test problem all constraints description is size--
--Output from test problem all constraints description is valid--
--Output from test problem all constraints description is valid--
--Output from test problem all constraints description is valid--
--Output from test problem all constraints mileage is nullable--
--Output from test problem all constraints mileage is nullable--
--Output from test problem all constraints mileage is validator--
--Output from test problem all constraints mileage is valid--
--Output from test problem all constraints mileage is validator--
--Output from test problem all constraints mileage is valid--
--Output from test problem all constraints mileage is valid--
--Output from test problem all constraints approved is valid--
--Output from test problem all constraints user is valid--
]]></system-err>
</testsuite>
