<?xml version="1.0" encoding="UTF-8" ?>
<testsuite errors="0" failures="0" hostname="xmgbr-PC" name="cscie56.fp.ProblemControllerSpec" skipped="0" tests="7" time="0.498" timestamp="2016-04-29T20:59:33">
  <properties />
  <testcase classname="cscie56.fp.ProblemControllerSpec" name="Test the index action returns the correct model" time="0.238" />
  <testcase classname="cscie56.fp.ProblemControllerSpec" name="Test the create action returns the correct model" time="0.022" />
  <testcase classname="cscie56.fp.ProblemControllerSpec" name="Test the save action correctly persists an instance" time="0.063" />
  <testcase classname="cscie56.fp.ProblemControllerSpec" name="Test that the show action returns the correct model" time="0.025" />
  <testcase classname="cscie56.fp.ProblemControllerSpec" name="Test that the edit action returns the correct model" time="0.025" />
  <testcase classname="cscie56.fp.ProblemControllerSpec" name="Test the update action performs an update on a valid domain instance" time="0.068" />
  <testcase classname="cscie56.fp.ProblemControllerSpec" name="Test that the delete action deletes an instance if it exists" time="0.045" />
  <system-out><![CDATA[--Output from Test the index action returns the correct model--
--Output from Test the create action returns the correct model--
--Output from Test the save action correctly persists an instance--
--Output from Test that the show action returns the correct model--
--Output from Test that the edit action returns the correct model--
--Output from Test the update action performs an update on a valid domain instance--
--Output from Test that the delete action deletes an instance if it exists--
]]></system-out>
  <system-err><![CDATA[--Output from Test the index action returns the correct model--
--Output from Test the create action returns the correct model--
--Output from Test the save action correctly persists an instance--
--Output from Test that the show action returns the correct model--
--Output from Test that the edit action returns the correct model--
--Output from Test the update action performs an update on a valid domain instance--
--Output from Test that the delete action deletes an instance if it exists--
]]></system-err>
</testsuite>
